<?xml version="1.0" encoding="UTF-8" ?>
<testsuite tests="11" failures="0" name="org.apache.flume.sink.hdfs.TestBucketWriter" time="7.087" errors="1" skipped="0">
  <properties>
    <property name="java.runtime.name" value="Java(TM) SE Runtime Environment"/>
    <property name="sun.boot.library.path" value="C:\Program Files\Java\jdk1.8.0_74\jre\bin"/>
    <property name="java.vm.version" value="25.74-b02"/>
    <property name="java.vm.vendor" value="Oracle Corporation"/>
    <property name="maven.multiModuleProjectDirectory" value="E:\IDEARFILE\apache-flume-1.7.0-src\flume-ng-sinks"/>
    <property name="java.vendor.url" value="http://java.oracle.com/"/>
    <property name="path.separator" value=";"/>
    <property name="guice.disable.misplaced.annotation.check" value="true"/>
    <property name="java.vm.name" value="Java HotSpot(TM) 64-Bit Server VM"/>
    <property name="file.encoding.pkg" value="sun.io"/>
    <property name="user.script" value=""/>
    <property name="user.country" value="CN"/>
    <property name="sun.java.launcher" value="SUN_STANDARD"/>
    <property name="sun.os.patch.level" value=""/>
    <property name="java.vm.specification.name" value="Java Virtual Machine Specification"/>
    <property name="user.dir" value="E:\IDEARFILE\apache-flume-1.7.0-src\flume-ng-sinks"/>
    <property name="java.runtime.version" value="1.8.0_74-b02"/>
    <property name="java.awt.graphicsenv" value="sun.awt.Win32GraphicsEnvironment"/>
    <property name="java.endorsed.dirs" value="C:\Program Files\Java\jdk1.8.0_74\jre\lib\endorsed"/>
    <property name="os.arch" value="amd64"/>
    <property name="java.io.tmpdir" value="C:\Users\dell\AppData\Local\Temp\"/>
    <property name="line.separator" value="
"/>
    <property name="java.vm.specification.vendor" value="Oracle Corporation"/>
    <property name="user.variant" value=""/>
    <property name="os.name" value="Windows 10"/>
    <property name="classworlds.conf" value="F:\maven\maven\apache-maven-3.3.9\bin\m2.conf"/>
    <property name="sun.jnu.encoding" value="GBK"/>
    <property name="java.library.path" value="C:\Program Files\Java\jdk1.8.0_74\bin;C:\Windows\Sun\Java\bin;C:\Windows\system32;C:\Windows;C:\Program Files (x86)\Common Files\NetSarang;C:\ProgramData\Oracle\Java\javapath;C:\Windows\system32;C:\Windows;C:\Windows\System32\Wbem;C:\Windows\System32\WindowsPowerShell\v1.0\;C:\Program Files (x86)\scala\bin;C:\Program Files (x86)\scala\jre\bin;F:\maven\maven\apache-maven-3.3.9\bin;C:\Program Files\Git\cmd;C:\Program Files\Java\jdk1.8.0_74\bin;E:\Hadoop\hadoop-2.7.1\bin;;."/>
    <property name="java.specification.name" value="Java Platform API Specification"/>
    <property name="java.class.version" value="52.0"/>
    <property name="sun.management.compiler" value="HotSpot 64-Bit Tiered Compilers"/>
    <property name="os.version" value="10.0"/>
    <property name="user.home" value="C:\Users\dell"/>
    <property name="user.timezone" value="Asia/Shanghai"/>
    <property name="java.awt.printerjob" value="sun.awt.windows.WPrinterJob"/>
    <property name="java.specification.version" value="1.8"/>
    <property name="file.encoding" value="GBK"/>
    <property name="user.name" value="dell"/>
    <property name="java.class.path" value="F:\maven\maven\apache-maven-3.3.9\boot\plexus-classworlds-2.5.2.jar"/>
    <property name="java.vm.specification.version" value="1.8"/>
    <property name="sun.arch.data.model" value="64"/>
    <property name="java.home" value="C:\Program Files\Java\jdk1.8.0_74\jre"/>
    <property name="sun.java.command" value="org.codehaus.plexus.classworlds.launcher.Launcher package"/>
    <property name="java.specification.vendor" value="Oracle Corporation"/>
    <property name="user.language" value="zh"/>
    <property name="awt.toolkit" value="sun.awt.windows.WToolkit"/>
    <property name="java.vm.info" value="mixed mode"/>
    <property name="java.version" value="1.8.0_74"/>
    <property name="java.ext.dirs" value="C:\Program Files\Java\jdk1.8.0_74\jre\lib\ext;C:\Windows\Sun\Java\lib\ext"/>
    <property name="sun.boot.class.path" value="C:\Program Files\Java\jdk1.8.0_74\jre\lib\resources.jar;C:\Program Files\Java\jdk1.8.0_74\jre\lib\rt.jar;C:\Program Files\Java\jdk1.8.0_74\jre\lib\sunrsasign.jar;C:\Program Files\Java\jdk1.8.0_74\jre\lib\jsse.jar;C:\Program Files\Java\jdk1.8.0_74\jre\lib\jce.jar;C:\Program Files\Java\jdk1.8.0_74\jre\lib\charsets.jar;C:\Program Files\Java\jdk1.8.0_74\jre\lib\jfr.jar;C:\Program Files\Java\jdk1.8.0_74\jre\classes"/>
    <property name="sun.stderr.encoding" value="ms936"/>
    <property name="java.vendor" value="Oracle Corporation"/>
    <property name="maven.home" value="F:\maven\maven\apache-maven-3.3.9"/>
    <property name="file.separator" value="\"/>
    <property name="java.vendor.url.bug" value="http://bugreport.sun.com/bugreport/"/>
    <property name="sun.cpu.endian" value="little"/>
    <property name="sun.io.unicode.encoding" value="UnicodeLittle"/>
    <property name="sun.stdout.encoding" value="ms936"/>
    <property name="sun.desktop" value="windows"/>
    <property name="sun.cpu.isalist" value="amd64"/>
  </properties>
  <testcase classname="org.apache.flume.sink.hdfs.TestBucketWriter" name="testInUsePrefix" time="0.414"/>
  <testcase classname="org.apache.flume.sink.hdfs.TestBucketWriter" name="testInUseSuffix" time="0.023"/>
  <testcase classname="org.apache.flume.sink.hdfs.TestBucketWriter" name="testSizeRoller" time="0.195"/>
  <testcase classname="org.apache.flume.sink.hdfs.TestBucketWriter" name="testIntervalRollerBug" time="2.101"/>
  <testcase classname="org.apache.flume.sink.hdfs.TestBucketWriter" name="testSequenceFileRenameRetries" time="0.085">
    <error message="Mkdirs failed to create file:/tmp/flume-test.1504849490433.1/singleBucketfile:/tmp" type="java.io.IOException">java.io.IOException: Mkdirs failed to create file:/tmp/flume-test.1504849490433.1/singleBucketfile:/tmp
	at org.apache.hadoop.fs.ChecksumFileSystem.create(ChecksumFileSystem.java:438)
	at org.apache.hadoop.fs.ChecksumFileSystem.create(ChecksumFileSystem.java:424)
	at org.apache.hadoop.fs.FileSystem.create(FileSystem.java:906)
	at org.apache.hadoop.fs.FileSystem.create(FileSystem.java:887)
	at org.apache.hadoop.fs.FileSystem.create(FileSystem.java:784)
	at org.apache.hadoop.fs.FileSystem.create(FileSystem.java:773)
	at org.apache.flume.sink.hdfs.MockFileSystem.create(MockFileSystem.java:69)
	at org.apache.flume.sink.hdfs.HDFSDataStream.doOpen(HDFSDataStream.java:81)
	at org.apache.flume.sink.hdfs.HDFSDataStream.open(HDFSDataStream.java:108)
	at org.apache.flume.sink.hdfs.BucketWriter$1.call(BucketWriter.java:242)
	at org.apache.flume.sink.hdfs.BucketWriter$1.call(BucketWriter.java:232)
	at org.apache.flume.sink.hdfs.BucketWriter$9$1.run(BucketWriter.java:668)
	at org.apache.flume.auth.SimpleAuthenticator.execute(SimpleAuthenticator.java:50)
	at org.apache.flume.sink.hdfs.BucketWriter$9.call(BucketWriter.java:665)
	at java.util.concurrent.FutureTask.run(FutureTask.java:266)
	at java.util.concurrent.ThreadPoolExecutor.runWorker(ThreadPoolExecutor.java:1142)
	at java.util.concurrent.ThreadPoolExecutor$Worker.run(ThreadPoolExecutor.java:617)
	at java.lang.Thread.run(Thread.java:745)
</error>
    <system-out>2017-09-08 13:44:50,473 (main) [INFO - org.apache.flume.sink.hdfs.HDFSDataStream.configure(HDFSDataStream.java:57)] Serializer = TEXT, UseRawLocalFileSystem = false
2017-09-08 13:44:50,493 (main) [INFO - org.apache.flume.sink.hdfs.BucketWriter.open(BucketWriter.java:231)] Creating file:///tmp/flume-test.1504849490433.1/singleBucketfile:///tmp/flume-test.1504849490433.1.1504849490469.tmp
</system-out>
  </testcase>
  <testcase classname="org.apache.flume.sink.hdfs.TestBucketWriter" name="testIntervalRoller" time="4.039"/>
  <testcase classname="org.apache.flume.sink.hdfs.TestBucketWriter" name="testFileSuffixGiven" time="0.028"/>
  <testcase classname="org.apache.flume.sink.hdfs.TestBucketWriter" name="testCallbackOnClose" time="0.019"/>
  <testcase classname="org.apache.flume.sink.hdfs.TestBucketWriter" name="testFileSuffixCompressed" time="0.045"/>
  <testcase classname="org.apache.flume.sink.hdfs.TestBucketWriter" name="testFileSuffixNotGiven" time="0.012"/>
  <testcase classname="org.apache.flume.sink.hdfs.TestBucketWriter" name="testEventCountingRoller" time="0.126"/>
</testsuite>