<?xml version="1.0" encoding="UTF-8" ?>
<testsuite tests="24" failures="2" name="org.apache.flume.sink.hdfs.TestHDFSEventSink" time="67.415" errors="0" skipped="0">
  <properties>
    <property name="java.runtime.name" value="Java(TM) SE Runtime Environment"/>
    <property name="sun.boot.library.path" value="C:\Program Files\Java\jdk1.8.0_74\jre\bin"/>
    <property name="java.vm.version" value="25.74-b02"/>
    <property name="java.vm.vendor" value="Oracle Corporation"/>
    <property name="maven.multiModuleProjectDirectory" value="E:\IDEARFILE\apache-flume-1.7.0-src\flume-ng-sinks"/>
    <property name="java.vendor.url" value="http://java.oracle.com/"/>
    <property name="path.separator" value=";"/>
    <property name="guice.disable.misplaced.annotation.check" value="true"/>
    <property name="java.vm.name" value="Java HotSpot(TM) 64-Bit Server VM"/>
    <property name="file.encoding.pkg" value="sun.io"/>
    <property name="user.script" value=""/>
    <property name="user.country" value="CN"/>
    <property name="sun.java.launcher" value="SUN_STANDARD"/>
    <property name="sun.os.patch.level" value=""/>
    <property name="java.vm.specification.name" value="Java Virtual Machine Specification"/>
    <property name="user.dir" value="E:\IDEARFILE\apache-flume-1.7.0-src\flume-ng-sinks"/>
    <property name="java.runtime.version" value="1.8.0_74-b02"/>
    <property name="java.awt.graphicsenv" value="sun.awt.Win32GraphicsEnvironment"/>
    <property name="java.endorsed.dirs" value="C:\Program Files\Java\jdk1.8.0_74\jre\lib\endorsed"/>
    <property name="os.arch" value="amd64"/>
    <property name="java.io.tmpdir" value="C:\Users\dell\AppData\Local\Temp\"/>
    <property name="line.separator" value="
"/>
    <property name="java.vm.specification.vendor" value="Oracle Corporation"/>
    <property name="user.variant" value=""/>
    <property name="os.name" value="Windows 10"/>
    <property name="classworlds.conf" value="F:\maven\maven\apache-maven-3.3.9\bin\m2.conf"/>
    <property name="sun.jnu.encoding" value="GBK"/>
    <property name="java.library.path" value="C:\Program Files\Java\jdk1.8.0_74\bin;C:\Windows\Sun\Java\bin;C:\Windows\system32;C:\Windows;C:\Program Files (x86)\Common Files\NetSarang;C:\ProgramData\Oracle\Java\javapath;C:\Windows\system32;C:\Windows;C:\Windows\System32\Wbem;C:\Windows\System32\WindowsPowerShell\v1.0\;C:\Program Files (x86)\scala\bin;C:\Program Files (x86)\scala\jre\bin;F:\maven\maven\apache-maven-3.3.9\bin;C:\Program Files\Git\cmd;C:\Program Files\Java\jdk1.8.0_74\bin;E:\Hadoop\hadoop-2.7.1\bin;;."/>
    <property name="java.specification.name" value="Java Platform API Specification"/>
    <property name="java.class.version" value="52.0"/>
    <property name="sun.management.compiler" value="HotSpot 64-Bit Tiered Compilers"/>
    <property name="os.version" value="10.0"/>
    <property name="user.home" value="C:\Users\dell"/>
    <property name="user.timezone" value="Asia/Shanghai"/>
    <property name="java.awt.printerjob" value="sun.awt.windows.WPrinterJob"/>
    <property name="java.specification.version" value="1.8"/>
    <property name="file.encoding" value="GBK"/>
    <property name="user.name" value="dell"/>
    <property name="java.class.path" value="F:\maven\maven\apache-maven-3.3.9\boot\plexus-classworlds-2.5.2.jar"/>
    <property name="java.vm.specification.version" value="1.8"/>
    <property name="sun.arch.data.model" value="64"/>
    <property name="java.home" value="C:\Program Files\Java\jdk1.8.0_74\jre"/>
    <property name="sun.java.command" value="org.codehaus.plexus.classworlds.launcher.Launcher package"/>
    <property name="java.specification.vendor" value="Oracle Corporation"/>
    <property name="user.language" value="zh"/>
    <property name="awt.toolkit" value="sun.awt.windows.WToolkit"/>
    <property name="java.vm.info" value="mixed mode"/>
    <property name="java.version" value="1.8.0_74"/>
    <property name="java.ext.dirs" value="C:\Program Files\Java\jdk1.8.0_74\jre\lib\ext;C:\Windows\Sun\Java\lib\ext"/>
    <property name="sun.boot.class.path" value="C:\Program Files\Java\jdk1.8.0_74\jre\lib\resources.jar;C:\Program Files\Java\jdk1.8.0_74\jre\lib\rt.jar;C:\Program Files\Java\jdk1.8.0_74\jre\lib\sunrsasign.jar;C:\Program Files\Java\jdk1.8.0_74\jre\lib\jsse.jar;C:\Program Files\Java\jdk1.8.0_74\jre\lib\jce.jar;C:\Program Files\Java\jdk1.8.0_74\jre\lib\charsets.jar;C:\Program Files\Java\jdk1.8.0_74\jre\lib\jfr.jar;C:\Program Files\Java\jdk1.8.0_74\jre\classes"/>
    <property name="sun.stderr.encoding" value="ms936"/>
    <property name="java.vendor" value="Oracle Corporation"/>
    <property name="maven.home" value="F:\maven\maven\apache-maven-3.3.9"/>
    <property name="file.separator" value="\"/>
    <property name="java.vendor.url.bug" value="http://bugreport.sun.com/bugreport/"/>
    <property name="sun.cpu.endian" value="little"/>
    <property name="sun.io.unicode.encoding" value="UnicodeLittle"/>
    <property name="sun.stdout.encoding" value="ms936"/>
    <property name="sun.desktop" value="windows"/>
    <property name="sun.cpu.isalist" value="amd64"/>
  </properties>
  <testcase classname="org.apache.flume.sink.hdfs.TestHDFSEventSink" name="testTextBatchAppend" time="0.901"/>
  <testcase classname="org.apache.flume.sink.hdfs.TestHDFSEventSink" name="testTextBatchAppendRawFS" time="0.365"/>
  <testcase classname="org.apache.flume.sink.hdfs.TestHDFSEventSink" name="testKerbFileAccess" time="0.03"/>
  <testcase classname="org.apache.flume.sink.hdfs.TestHDFSEventSink" name="testSimpleAppendLocalTime" time="0.146"/>
  <testcase classname="org.apache.flume.sink.hdfs.TestHDFSEventSink" name="testBadSimpleAppend" time="6.134"/>
  <testcase classname="org.apache.flume.sink.hdfs.TestHDFSEventSink" name="testCloseRemovesFromSFWriters" time="0.077">
    <failure type="java.lang.AssertionError">java.lang.AssertionError
	at org.junit.Assert.fail(Assert.java:92)
	at org.junit.Assert.assertTrue(Assert.java:43)
	at org.junit.Assert.assertTrue(Assert.java:54)
	at org.apache.flume.sink.hdfs.TestHDFSEventSink.testCloseRemovesFromSFWriters(TestHDFSEventSink.java:1075)
	at sun.reflect.NativeMethodAccessorImpl.invoke0(Native Method)
	at sun.reflect.NativeMethodAccessorImpl.invoke(NativeMethodAccessorImpl.java:62)
	at sun.reflect.DelegatingMethodAccessorImpl.invoke(DelegatingMethodAccessorImpl.java:43)
	at java.lang.reflect.Method.invoke(Method.java:498)
	at org.junit.runners.model.FrameworkMethod$1.runReflectiveCall(FrameworkMethod.java:45)
	at org.junit.internal.runners.model.ReflectiveCallable.run(ReflectiveCallable.java:15)
	at org.junit.runners.model.FrameworkMethod.invokeExplosively(FrameworkMethod.java:42)
	at org.junit.internal.runners.statements.InvokeMethod.evaluate(InvokeMethod.java:20)
	at org.junit.internal.runners.statements.RunBefores.evaluate(RunBefores.java:28)
	at org.junit.internal.runners.statements.RunAfters.evaluate(RunAfters.java:30)
	at org.junit.runners.ParentRunner.runLeaf(ParentRunner.java:263)
	at org.junit.runners.BlockJUnit4ClassRunner.runChild(BlockJUnit4ClassRunner.java:68)
	at org.junit.runners.BlockJUnit4ClassRunner.runChild(BlockJUnit4ClassRunner.java:47)
	at org.junit.runners.ParentRunner$3.run(ParentRunner.java:231)
	at org.junit.runners.ParentRunner$1.schedule(ParentRunner.java:60)
	at org.junit.runners.ParentRunner.runChildren(ParentRunner.java:229)
	at org.junit.runners.ParentRunner.access$000(ParentRunner.java:50)
	at org.junit.runners.ParentRunner$2.evaluate(ParentRunner.java:222)
	at org.junit.runners.ParentRunner.run(ParentRunner.java:300)
	at org.apache.maven.surefire.junit4.JUnit4Provider.execute(JUnit4Provider.java:252)
	at org.apache.maven.surefire.junit4.JUnit4Provider.executeTestSet(JUnit4Provider.java:141)
	at org.apache.maven.surefire.junit4.JUnit4Provider.invoke(JUnit4Provider.java:112)
	at sun.reflect.NativeMethodAccessorImpl.invoke0(Native Method)
	at sun.reflect.NativeMethodAccessorImpl.invoke(NativeMethodAccessorImpl.java:62)
	at sun.reflect.DelegatingMethodAccessorImpl.invoke(DelegatingMethodAccessorImpl.java:43)
	at java.lang.reflect.Method.invoke(Method.java:498)
	at org.apache.maven.surefire.util.ReflectionUtils.invokeMethodWithArray(ReflectionUtils.java:189)
	at org.apache.maven.surefire.booter.ProviderFactory$ProviderProxy.invoke(ProviderFactory.java:165)
	at org.apache.maven.surefire.booter.ProviderFactory.invokeProvider(ProviderFactory.java:85)
	at org.apache.maven.surefire.booter.ForkedBooter.runSuitesInProcess(ForkedBooter.java:115)
	at org.apache.maven.surefire.booter.ForkedBooter.main(ForkedBooter.java:75)
</failure>
    <system-out>2017-09-08 13:45:05,987 (main) [DEBUG - org.apache.flume.sink.hdfs.TestHDFSEventSink.setUp(TestHDFSEventSink.java:104)] Starting...
2017-09-08 13:45:06,002 (main) [DEBUG - org.apache.flume.sink.hdfs.TestHDFSEventSink.testCloseRemovesFromSFWriters(TestHDFSEventSink.java:1016)] Starting...
2017-09-08 13:45:06,017 (main) [DEBUG - org.apache.flume.instrumentation.MonitoredCounterGroup.register(MonitoredCounterGroup.java:111)] Monitored counter group for type: SINK, name: null: Another MBean is already registered with this name. Unregistering that pre-existing MBean now...
2017-09-08 13:45:06,018 (main) [DEBUG - org.apache.flume.instrumentation.MonitoredCounterGroup.register(MonitoredCounterGroup.java:115)] Monitored counter group for type: SINK, name: null: Successfully unregistered pre-existing MBean.
2017-09-08 13:45:06,018 (main) [INFO - org.apache.flume.instrumentation.MonitoredCounterGroup.register(MonitoredCounterGroup.java:119)] Monitored counter group for type: SINK, name: null: Successfully registered new MBean.
2017-09-08 13:45:06,018 (main) [INFO - org.apache.flume.instrumentation.MonitoredCounterGroup.start(MonitoredCounterGroup.java:95)] Component type: SINK, name: null started
2017-09-08 13:45:06,019 (main) [INFO - org.apache.flume.sink.hdfs.HDFSSequenceFile.configure(HDFSSequenceFile.java:63)] writeFormat = Writable, UseRawLocalFileSystem = false
2017-09-08 13:45:06,031 (main) [INFO - org.apache.flume.sink.hdfs.BucketWriter.open(BucketWriter.java:231)] Creating file:///tmp/flume-test.1504849505988.1/singleBucket/FlumeData.1504849506020.tmp
2017-09-08 13:45:06,048 (hdfs-null-call-runner-0) [INFO - org.apache.flume.sink.hdfs.AbstractHDFSWriter.reflectGetNumCurrentReplicas(AbstractHDFSWriter.java:189)] FileSystem&apos;s output stream doesn&apos;t support getNumCurrentReplicas; --HDFS-826 not available; fsOut=org.apache.hadoop.fs.ChecksumFileSystem$ChecksumFSOutputSummer; err=java.lang.NoSuchMethodException: org.apache.hadoop.fs.ChecksumFileSystem$ChecksumFSOutputSummer.getNumCurrentReplicas()
2017-09-08 13:45:06,048 (hdfs-null-call-runner-0) [DEBUG - org.apache.flume.sink.hdfs.AbstractHDFSWriter.reflectGetDefaultReplication(AbstractHDFSWriter.java:228)] Using FileSystem.getDefaultReplication(Path) from HADOOP-8014
2017-09-08 13:45:06,048 (main) [WARN - org.apache.flume.sink.hdfs.BucketWriter.getRefIsClosed(BucketWriter.java:182)] isFileClosed is not available in the version of HDFS being used. Flume will not attempt to close files if the close fails on the first attempt
java.lang.NoSuchMethodException: org.apache.hadoop.fs.LocalFileSystem.isFileClosed(org.apache.hadoop.fs.Path)
	at java.lang.Class.getMethod(Class.java:1786)
	at org.apache.flume.sink.hdfs.BucketWriter.getRefIsClosed(BucketWriter.java:179)
	at org.apache.flume.sink.hdfs.BucketWriter.open(BucketWriter.java:263)
	at org.apache.flume.sink.hdfs.BucketWriter.append(BucketWriter.java:504)
	at org.apache.flume.sink.hdfs.HDFSEventSink.process(HDFSEventSink.java:406)
	at org.apache.flume.sink.hdfs.TestHDFSEventSink.testCloseRemovesFromSFWriters(TestHDFSEventSink.java:1074)
	at sun.reflect.NativeMethodAccessorImpl.invoke0(Native Method)
	at sun.reflect.NativeMethodAccessorImpl.invoke(NativeMethodAccessorImpl.java:62)
	at sun.reflect.DelegatingMethodAccessorImpl.invoke(DelegatingMethodAccessorImpl.java:43)
	at java.lang.reflect.Method.invoke(Method.java:498)
	at org.junit.runners.model.FrameworkMethod$1.runReflectiveCall(FrameworkMethod.java:45)
	at org.junit.internal.runners.model.ReflectiveCallable.run(ReflectiveCallable.java:15)
	at org.junit.runners.model.FrameworkMethod.invokeExplosively(FrameworkMethod.java:42)
	at org.junit.internal.runners.statements.InvokeMethod.evaluate(InvokeMethod.java:20)
	at org.junit.internal.runners.statements.RunBefores.evaluate(RunBefores.java:28)
	at org.junit.internal.runners.statements.RunAfters.evaluate(RunAfters.java:30)
	at org.junit.runners.ParentRunner.runLeaf(ParentRunner.java:263)
	at org.junit.runners.BlockJUnit4ClassRunner.runChild(BlockJUnit4ClassRunner.java:68)
	at org.junit.runners.BlockJUnit4ClassRunner.runChild(BlockJUnit4ClassRunner.java:47)
	at org.junit.runners.ParentRunner$3.run(ParentRunner.java:231)
	at org.junit.runners.ParentRunner$1.schedule(ParentRunner.java:60)
	at org.junit.runners.ParentRunner.runChildren(ParentRunner.java:229)
	at org.junit.runners.ParentRunner.access$000(ParentRunner.java:50)
	at org.junit.runners.ParentRunner$2.evaluate(ParentRunner.java:222)
	at org.junit.runners.ParentRunner.run(ParentRunner.java:300)
	at org.apache.maven.surefire.junit4.JUnit4Provider.execute(JUnit4Provider.java:252)
	at org.apache.maven.surefire.junit4.JUnit4Provider.executeTestSet(JUnit4Provider.java:141)
	at org.apache.maven.surefire.junit4.JUnit4Provider.invoke(JUnit4Provider.java:112)
	at sun.reflect.NativeMethodAccessorImpl.invoke0(Native Method)
	at sun.reflect.NativeMethodAccessorImpl.invoke(NativeMethodAccessorImpl.java:62)
	at sun.reflect.DelegatingMethodAccessorImpl.invoke(DelegatingMethodAccessorImpl.java:43)
	at java.lang.reflect.Method.invoke(Method.java:498)
	at org.apache.maven.surefire.util.ReflectionUtils.invokeMethodWithArray(ReflectionUtils.java:189)
	at org.apache.maven.surefire.booter.ProviderFactory$ProviderProxy.invoke(ProviderFactory.java:165)
	at org.apache.maven.surefire.booter.ProviderFactory.invokeProvider(ProviderFactory.java:85)
	at org.apache.maven.surefire.booter.ForkedBooter.runSuitesInProcess(ForkedBooter.java:115)
	at org.apache.maven.surefire.booter.ForkedBooter.main(ForkedBooter.java:75)
2017-09-08 13:45:06,050 (main) [INFO - org.apache.flume.sink.hdfs.TestHDFSEventSink.testCloseRemovesFromSFWriters(TestHDFSEventSink.java:1074)] execute sink to process the events: READY
2017-09-08 13:45:06,062 (main) [WARN - org.apache.hadoop.fs.FileUtil.deleteImpl(FileUtil.java:187)] Failed to delete file or dir [E:\tmp\flume-test.1504849505988.1\singleBucket\.FlumeData.1504849506020.tmp.crc]: it still exists.
2017-09-08 13:45:06,063 (main) [WARN - org.apache.hadoop.fs.FileUtil.deleteImpl(FileUtil.java:187)] Failed to delete file or dir [E:\tmp\flume-test.1504849505988.1\singleBucket\FlumeData.1504849506020.tmp]: it still exists.
</system-out>
  </testcase>
  <testcase classname="org.apache.flume.sink.hdfs.TestHDFSEventSink" name="testSlowAppendFailure" time="2.107"/>
  <testcase classname="org.apache.flume.sink.hdfs.TestHDFSEventSink" name="testCloseReopenOnRollTime" time="5.173"/>
  <testcase classname="org.apache.flume.sink.hdfs.TestHDFSEventSink" name="testSlowAppendWithLongTimeout" time="6.093"/>
  <testcase classname="org.apache.flume.sink.hdfs.TestHDFSEventSink" name="testSlowAppendWithoutTimeout" time="6.087"/>
  <testcase classname="org.apache.flume.sink.hdfs.TestHDFSEventSink" name="testRetryRename" time="34.71"/>
  <testcase classname="org.apache.flume.sink.hdfs.TestHDFSEventSink" name="testCloseOnIdle" time="4.656"/>
  <testcase classname="org.apache.flume.sink.hdfs.TestHDFSEventSink" name="testSimpleAppend" time="0.107"/>
  <testcase classname="org.apache.flume.sink.hdfs.TestHDFSEventSink" name="testAppend" time="0.12"/>
  <testcase classname="org.apache.flume.sink.hdfs.TestHDFSEventSink" name="testAvroAppend" time="0.249"/>
  <testcase classname="org.apache.flume.sink.hdfs.TestHDFSEventSink" name="testCloseReopen" time="0.102"/>
  <testcase classname="org.apache.flume.sink.hdfs.TestHDFSEventSink" name="testLifecycle" time="0.016"/>
  <testcase classname="org.apache.flume.sink.hdfs.TestHDFSEventSink" name="testTextAppend" time="0.077"/>
  <testcase classname="org.apache.flume.sink.hdfs.TestHDFSEventSink" name="testBadConfigurationForRetryCountNegative" time="0.019"/>
  <testcase classname="org.apache.flume.sink.hdfs.TestHDFSEventSink" name="testBlockCompressSequenceFileWriterSync" time="0.181">
    <failure message="expected:&lt;1&gt; but was:&lt;2&gt;" type="java.lang.AssertionError">java.lang.AssertionError: expected:&lt;1&gt; but was:&lt;2&gt;
	at org.junit.Assert.fail(Assert.java:93)
	at org.junit.Assert.failNotEquals(Assert.java:647)
	at org.junit.Assert.assertEquals(Assert.java:128)
	at org.junit.Assert.assertEquals(Assert.java:472)
	at org.junit.Assert.assertEquals(Assert.java:456)
	at org.apache.flume.sink.hdfs.TestHDFSEventSink.sequenceFileWriteAndVerifyEvents(TestHDFSEventSink.java:1408)
	at org.apache.flume.sink.hdfs.TestHDFSEventSink.testBlockCompressSequenceFileWriterSync(TestHDFSEventSink.java:1352)
	at sun.reflect.NativeMethodAccessorImpl.invoke0(Native Method)
	at sun.reflect.NativeMethodAccessorImpl.invoke(NativeMethodAccessorImpl.java:62)
	at sun.reflect.DelegatingMethodAccessorImpl.invoke(DelegatingMethodAccessorImpl.java:43)
	at java.lang.reflect.Method.invoke(Method.java:498)
	at org.junit.runners.model.FrameworkMethod$1.runReflectiveCall(FrameworkMethod.java:45)
	at org.junit.internal.runners.model.ReflectiveCallable.run(ReflectiveCallable.java:15)
	at org.junit.runners.model.FrameworkMethod.invokeExplosively(FrameworkMethod.java:42)
	at org.junit.internal.runners.statements.InvokeMethod.evaluate(InvokeMethod.java:20)
	at org.junit.internal.runners.statements.RunBefores.evaluate(RunBefores.java:28)
	at org.junit.internal.runners.statements.RunAfters.evaluate(RunAfters.java:30)
	at org.junit.runners.ParentRunner.runLeaf(ParentRunner.java:263)
	at org.junit.runners.BlockJUnit4ClassRunner.runChild(BlockJUnit4ClassRunner.java:68)
	at org.junit.runners.BlockJUnit4ClassRunner.runChild(BlockJUnit4ClassRunner.java:47)
	at org.junit.runners.ParentRunner$3.run(ParentRunner.java:231)
	at org.junit.runners.ParentRunner$1.schedule(ParentRunner.java:60)
	at org.junit.runners.ParentRunner.runChildren(ParentRunner.java:229)
	at org.junit.runners.ParentRunner.access$000(ParentRunner.java:50)
	at org.junit.runners.ParentRunner$2.evaluate(ParentRunner.java:222)
	at org.junit.runners.ParentRunner.run(ParentRunner.java:300)
	at org.apache.maven.surefire.junit4.JUnit4Provider.execute(JUnit4Provider.java:252)
	at org.apache.maven.surefire.junit4.JUnit4Provider.executeTestSet(JUnit4Provider.java:141)
	at org.apache.maven.surefire.junit4.JUnit4Provider.invoke(JUnit4Provider.java:112)
	at sun.reflect.NativeMethodAccessorImpl.invoke0(Native Method)
	at sun.reflect.NativeMethodAccessorImpl.invoke(NativeMethodAccessorImpl.java:62)
	at sun.reflect.DelegatingMethodAccessorImpl.invoke(DelegatingMethodAccessorImpl.java:43)
	at java.lang.reflect.Method.invoke(Method.java:498)
	at org.apache.maven.surefire.util.ReflectionUtils.invokeMethodWithArray(ReflectionUtils.java:189)
	at org.apache.maven.surefire.booter.ProviderFactory$ProviderProxy.invoke(ProviderFactory.java:165)
	at org.apache.maven.surefire.booter.ProviderFactory.invokeProvider(ProviderFactory.java:85)
	at org.apache.maven.surefire.booter.ForkedBooter.runSuitesInProcess(ForkedBooter.java:115)
	at org.apache.maven.surefire.booter.ForkedBooter.main(ForkedBooter.java:75)
</failure>
    <system-out>2017-09-08 13:46:05,582 (main) [DEBUG - org.apache.flume.sink.hdfs.TestHDFSEventSink.setUp(TestHDFSEventSink.java:104)] Starting...
2017-09-08 13:46:05,609 (main) [INFO - org.apache.flume.instrumentation.MonitoredCounterGroup.register(MonitoredCounterGroup.java:119)] Monitored counter group for type: SINK, name: HDFSEventSink-86a4d3f8-26c7-42c4-b32f-414200e70d46: Successfully registered new MBean.
2017-09-08 13:46:05,609 (main) [INFO - org.apache.flume.instrumentation.MonitoredCounterGroup.start(MonitoredCounterGroup.java:95)] Component type: SINK, name: HDFSEventSink-86a4d3f8-26c7-42c4-b32f-414200e70d46 started
2017-09-08 13:46:05,610 (main) [INFO - org.apache.flume.sink.hdfs.HDFSSequenceFile.configure(HDFSSequenceFile.java:63)] writeFormat = Writable, UseRawLocalFileSystem = false
2017-09-08 13:46:05,621 (main) [INFO - org.apache.flume.sink.hdfs.BucketWriter.open(BucketWriter.java:231)] Creating file:///tmp/flume-test.1504849565582.1/sequenceFileWriterSync/FlumeData.1504849565610.bz2.tmp
2017-09-08 13:46:05,633 (hdfs-HDFSEventSink-86a4d3f8-26c7-42c4-b32f-414200e70d46-call-runner-0) [WARN - org.apache.hadoop.io.compress.bzip2.Bzip2Factory.isNativeBzip2Loaded(Bzip2Factory.java:73)] Failed to load/initialize native-bzip2 library system-native, will use pure-Java version
2017-09-08 13:46:05,637 (hdfs-HDFSEventSink-86a4d3f8-26c7-42c4-b32f-414200e70d46-call-runner-0) [INFO - org.apache.flume.sink.hdfs.AbstractHDFSWriter.reflectGetNumCurrentReplicas(AbstractHDFSWriter.java:189)] FileSystem&apos;s output stream doesn&apos;t support getNumCurrentReplicas; --HDFS-826 not available; fsOut=java.io.BufferedOutputStream; err=java.lang.NoSuchMethodException: java.io.BufferedOutputStream.getNumCurrentReplicas()
2017-09-08 13:46:05,637 (hdfs-HDFSEventSink-86a4d3f8-26c7-42c4-b32f-414200e70d46-call-runner-0) [DEBUG - org.apache.flume.sink.hdfs.AbstractHDFSWriter.reflectGetDefaultReplication(AbstractHDFSWriter.java:228)] Using FileSystem.getDefaultReplication(Path) from HADOOP-8014
2017-09-08 13:46:05,637 (main) [WARN - org.apache.flume.sink.hdfs.BucketWriter.getRefIsClosed(BucketWriter.java:182)] isFileClosed is not available in the version of HDFS being used. Flume will not attempt to close files if the close fails on the first attempt
java.lang.NoSuchMethodException: org.apache.hadoop.fs.LocalFileSystem.isFileClosed(org.apache.hadoop.fs.Path)
	at java.lang.Class.getMethod(Class.java:1786)
	at org.apache.flume.sink.hdfs.BucketWriter.getRefIsClosed(BucketWriter.java:179)
	at org.apache.flume.sink.hdfs.BucketWriter.open(BucketWriter.java:263)
	at org.apache.flume.sink.hdfs.BucketWriter.append(BucketWriter.java:504)
	at org.apache.flume.sink.hdfs.HDFSEventSink.process(HDFSEventSink.java:406)
	at org.apache.flume.sink.hdfs.TestHDFSEventSink.sequenceFileWriteAndVerifyEvents(TestHDFSEventSink.java:1400)
	at org.apache.flume.sink.hdfs.TestHDFSEventSink.testBlockCompressSequenceFileWriterSync(TestHDFSEventSink.java:1348)
	at sun.reflect.NativeMethodAccessorImpl.invoke0(Native Method)
	at sun.reflect.NativeMethodAccessorImpl.invoke(NativeMethodAccessorImpl.java:62)
	at sun.reflect.DelegatingMethodAccessorImpl.invoke(DelegatingMethodAccessorImpl.java:43)
	at java.lang.reflect.Method.invoke(Method.java:498)
	at org.junit.runners.model.FrameworkMethod$1.runReflectiveCall(FrameworkMethod.java:45)
	at org.junit.internal.runners.model.ReflectiveCallable.run(ReflectiveCallable.java:15)
	at org.junit.runners.model.FrameworkMethod.invokeExplosively(FrameworkMethod.java:42)
	at org.junit.internal.runners.statements.InvokeMethod.evaluate(InvokeMethod.java:20)
	at org.junit.internal.runners.statements.RunBefores.evaluate(RunBefores.java:28)
	at org.junit.internal.runners.statements.RunAfters.evaluate(RunAfters.java:30)
	at org.junit.runners.ParentRunner.runLeaf(ParentRunner.java:263)
	at org.junit.runners.BlockJUnit4ClassRunner.runChild(BlockJUnit4ClassRunner.java:68)
	at org.junit.runners.BlockJUnit4ClassRunner.runChild(BlockJUnit4ClassRunner.java:47)
	at org.junit.runners.ParentRunner$3.run(ParentRunner.java:231)
	at org.junit.runners.ParentRunner$1.schedule(ParentRunner.java:60)
	at org.junit.runners.ParentRunner.runChildren(ParentRunner.java:229)
	at org.junit.runners.ParentRunner.access$000(ParentRunner.java:50)
	at org.junit.runners.ParentRunner$2.evaluate(ParentRunner.java:222)
	at org.junit.runners.ParentRunner.run(ParentRunner.java:300)
	at org.apache.maven.surefire.junit4.JUnit4Provider.execute(JUnit4Provider.java:252)
	at org.apache.maven.surefire.junit4.JUnit4Provider.executeTestSet(JUnit4Provider.java:141)
	at org.apache.maven.surefire.junit4.JUnit4Provider.invoke(JUnit4Provider.java:112)
	at sun.reflect.NativeMethodAccessorImpl.invoke0(Native Method)
	at sun.reflect.NativeMethodAccessorImpl.invoke(NativeMethodAccessorImpl.java:62)
	at sun.reflect.DelegatingMethodAccessorImpl.invoke(DelegatingMethodAccessorImpl.java:43)
	at java.lang.reflect.Method.invoke(Method.java:498)
	at org.apache.maven.surefire.util.ReflectionUtils.invokeMethodWithArray(ReflectionUtils.java:189)
	at org.apache.maven.surefire.booter.ProviderFactory$ProviderProxy.invoke(ProviderFactory.java:165)
	at org.apache.maven.surefire.booter.ProviderFactory.invokeProvider(ProviderFactory.java:85)
	at org.apache.maven.surefire.booter.ForkedBooter.runSuitesInProcess(ForkedBooter.java:115)
	at org.apache.maven.surefire.booter.ForkedBooter.main(ForkedBooter.java:75)
2017-09-08 13:46:05,662 (main) [WARN - org.apache.hadoop.fs.FileUtil.deleteImpl(FileUtil.java:187)] Failed to delete file or dir [E:\tmp\flume-test.1504849565582.1\sequenceFileWriterSync\FlumeData.1504849565610.bz2.tmp]: it still exists.
2017-09-08 13:46:05,673 (main) [INFO - org.apache.flume.instrumentation.MonitoredCounterGroup.start(MonitoredCounterGroup.java:95)] Component type: SINK, name: HDFSEventSink-86a4d3f8-26c7-42c4-b32f-414200e70d46 started
2017-09-08 13:46:05,673 (main) [INFO - org.apache.flume.sink.hdfs.HDFSSequenceFile.configure(HDFSSequenceFile.java:63)] writeFormat = Writable, UseRawLocalFileSystem = false
2017-09-08 13:46:05,680 (main) [INFO - org.apache.flume.sink.hdfs.BucketWriter.open(BucketWriter.java:231)] Creating file:///tmp/flume-test.1504849565582.1/sequenceFileWriterSync/FlumeData.1504849565674.bz2.tmp
2017-09-08 13:46:05,690 (hdfs-HDFSEventSink-86a4d3f8-26c7-42c4-b32f-414200e70d46-call-runner-0) [INFO - org.apache.flume.sink.hdfs.AbstractHDFSWriter.reflectGetNumCurrentReplicas(AbstractHDFSWriter.java:189)] FileSystem&apos;s output stream doesn&apos;t support getNumCurrentReplicas; --HDFS-826 not available; fsOut=java.io.BufferedOutputStream; err=java.lang.NoSuchMethodException: java.io.BufferedOutputStream.getNumCurrentReplicas()
2017-09-08 13:46:05,690 (hdfs-HDFSEventSink-86a4d3f8-26c7-42c4-b32f-414200e70d46-call-runner-0) [DEBUG - org.apache.flume.sink.hdfs.AbstractHDFSWriter.reflectGetDefaultReplication(AbstractHDFSWriter.java:228)] Using FileSystem.getDefaultReplication(Path) from HADOOP-8014
2017-09-08 13:46:05,690 (main) [WARN - org.apache.flume.sink.hdfs.BucketWriter.getRefIsClosed(BucketWriter.java:182)] isFileClosed is not available in the version of HDFS being used. Flume will not attempt to close files if the close fails on the first attempt
java.lang.NoSuchMethodException: org.apache.hadoop.fs.LocalFileSystem.isFileClosed(org.apache.hadoop.fs.Path)
	at java.lang.Class.getMethod(Class.java:1786)
	at org.apache.flume.sink.hdfs.BucketWriter.getRefIsClosed(BucketWriter.java:179)
	at org.apache.flume.sink.hdfs.BucketWriter.open(BucketWriter.java:263)
	at org.apache.flume.sink.hdfs.BucketWriter.append(BucketWriter.java:504)
	at org.apache.flume.sink.hdfs.HDFSEventSink.process(HDFSEventSink.java:406)
	at org.apache.flume.sink.hdfs.TestHDFSEventSink.sequenceFileWriteAndVerifyEvents(TestHDFSEventSink.java:1400)
	at org.apache.flume.sink.hdfs.TestHDFSEventSink.testBlockCompressSequenceFileWriterSync(TestHDFSEventSink.java:1352)
	at sun.reflect.NativeMethodAccessorImpl.invoke0(Native Method)
	at sun.reflect.NativeMethodAccessorImpl.invoke(NativeMethodAccessorImpl.java:62)
	at sun.reflect.DelegatingMethodAccessorImpl.invoke(DelegatingMethodAccessorImpl.java:43)
	at java.lang.reflect.Method.invoke(Method.java:498)
	at org.junit.runners.model.FrameworkMethod$1.runReflectiveCall(FrameworkMethod.java:45)
	at org.junit.internal.runners.model.ReflectiveCallable.run(ReflectiveCallable.java:15)
	at org.junit.runners.model.FrameworkMethod.invokeExplosively(FrameworkMethod.java:42)
	at org.junit.internal.runners.statements.InvokeMethod.evaluate(InvokeMethod.java:20)
	at org.junit.internal.runners.statements.RunBefores.evaluate(RunBefores.java:28)
	at org.junit.internal.runners.statements.RunAfters.evaluate(RunAfters.java:30)
	at org.junit.runners.ParentRunner.runLeaf(ParentRunner.java:263)
	at org.junit.runners.BlockJUnit4ClassRunner.runChild(BlockJUnit4ClassRunner.java:68)
	at org.junit.runners.BlockJUnit4ClassRunner.runChild(BlockJUnit4ClassRunner.java:47)
	at org.junit.runners.ParentRunner$3.run(ParentRunner.java:231)
	at org.junit.runners.ParentRunner$1.schedule(ParentRunner.java:60)
	at org.junit.runners.ParentRunner.runChildren(ParentRunner.java:229)
	at org.junit.runners.ParentRunner.access$000(ParentRunner.java:50)
	at org.junit.runners.ParentRunner$2.evaluate(ParentRunner.java:222)
	at org.junit.runners.ParentRunner.run(ParentRunner.java:300)
	at org.apache.maven.surefire.junit4.JUnit4Provider.execute(JUnit4Provider.java:252)
	at org.apache.maven.surefire.junit4.JUnit4Provider.executeTestSet(JUnit4Provider.java:141)
	at org.apache.maven.surefire.junit4.JUnit4Provider.invoke(JUnit4Provider.java:112)
	at sun.reflect.NativeMethodAccessorImpl.invoke0(Native Method)
	at sun.reflect.NativeMethodAccessorImpl.invoke(NativeMethodAccessorImpl.java:62)
	at sun.reflect.DelegatingMethodAccessorImpl.invoke(DelegatingMethodAccessorImpl.java:43)
	at java.lang.reflect.Method.invoke(Method.java:498)
	at org.apache.maven.surefire.util.ReflectionUtils.invokeMethodWithArray(ReflectionUtils.java:189)
	at org.apache.maven.surefire.booter.ProviderFactory$ProviderProxy.invoke(ProviderFactory.java:165)
	at org.apache.maven.surefire.booter.ProviderFactory.invokeProvider(ProviderFactory.java:85)
	at org.apache.maven.surefire.booter.ForkedBooter.runSuitesInProcess(ForkedBooter.java:115)
	at org.apache.maven.surefire.booter.ForkedBooter.main(ForkedBooter.java:75)
2017-09-08 13:46:05,763 (main) [WARN - org.apache.hadoop.fs.FileUtil.deleteImpl(FileUtil.java:187)] Failed to delete file or dir [E:\tmp\flume-test.1504849565582.1\sequenceFileWriterSync\FlumeData.1504849565674.bz2.tmp]: it still exists.
</system-out>
  </testcase>
  <testcase classname="org.apache.flume.sink.hdfs.TestHDFSEventSink" name="testBadConfigurationForRetryIntervalZero" time="0.018"/>
  <testcase classname="org.apache.flume.sink.hdfs.TestHDFSEventSink" name="testBadConfigurationForRetryIntervalNegative" time="0.018"/>
  <testcase classname="org.apache.flume.sink.hdfs.TestHDFSEventSink" name="testEmptyChannelResultsInStatusBackoff" time="0.016"/>
  <testcase classname="org.apache.flume.sink.hdfs.TestHDFSEventSink" name="testBadConfigurationForRetryCountZero" time="0.013"/>
</testsuite>